# JRE version: Java(TM) SE Runtime Environment (8.0_261-b12) (build 1.8.0_261-b12)
# Java VM: Java HotSpot(TM) 64-Bit Server VM (25.261-b12 mixed mode windows-amd64 compressed oops)
Heap:
 PSYoungGen      total 2694144K, used 2161639K [0x0000000715d00000, 0x00000007c0000000, 0x00000007c0000000)
  eden space 2609664K, 81% used [0x0000000715d00000,0x0000000796daf638,0x00000007b5180000)
  from space 84480K, 56% used [0x00000007b5180000,0x00000007b7fca740,0x00000007ba400000)
  to   space 83456K, 0% used [0x00000007bae80000,0x00000007bae80000,0x00000007c0000000)
 ParOldGen       total 748032K, used 283331K [0x00000005c1600000, 0x00000005ef080000, 0x0000000715d00000)
  object space 748032K, 37% used [0x00000005c1600000,0x00000005d2ab0fe8,0x00000005ef080000)
 Metaspace       used 94713K, capacity 105753K, committed 105932K, reserved 1138688K
  class space    used 14304K, capacity 17352K, committed 17356K, reserved 1048576K
GC Heap History (10 events):
Event: 22.912 GC heap before
{Heap before GC invocations=41 (full 4):
 PSYoungGen      total 2669056K, used 2602080K [0x0000000715d00000, 0x00000007bf500000, 0x00000007c0000000)
  eden space 2573312K, 100% used [0x0000000715d00000,0x00000007b2e00000,0x00000007b2e00000)
  from space 95744K, 30% used [0x00000007b9780000,0x00000007bb398070,0x00000007bf500000)
  to   space 101888K, 0% used [0x00000007b2e00000,0x00000007b2e00000,0x00000007b9180000)
 ParOldGen       total 748032K, used 282776K [0x00000005c1600000, 0x00000005ef080000, 0x0000000715d00000)
  object space 748032K, 37% used [0x00000005c1600000,0x00000005d2a26218,0x00000005ef080000)
 Metaspace       used 90453K, capacity 100303K, committed 100436K, reserved 1132544K
  class space    used 13731K, capacity 16609K, committed 16716K, reserved 1048576K
Event: 22.927 GC heap after
Heap after GC invocations=41 (full 4):
 PSYoungGen      total 2675200K, used 38272K [0x0000000715d00000, 0x00000007bfa00000, 0x00000007c0000000)
  eden space 2573312K, 0% used [0x0000000715d00000,0x0000000715d00000,0x00000007b2e00000)
  from space 101888K, 37% used [0x00000007b2e00000,0x00000007b5360070,0x00000007b9180000)
  to   space 95744K, 0% used [0x00000007b9c80000,0x00000007b9c80000,0x00000007bfa00000)
 ParOldGen       total 748032K, used 282776K [0x00000005c1600000, 0x00000005ef080000, 0x0000000715d00000)
  object space 748032K, 37% used [0x00000005c1600000,0x00000005d2a26218,0x00000005ef080000)
 Metaspace       used 90453K, capacity 100303K, committed 100436K, reserved 1132544K
  class space    used 13731K, capacity 16609K, committed 16716K, reserved 1048576K
}
Event: 23.524 GC heap before
{Heap before GC invocations=42 (full 4):
 PSYoungGen      total 2675200K, used 2611584K [0x0000000715d00000, 0x00000007bfa00000, 0x00000007c0000000)
  eden space 2573312K, 100% used [0x0000000715d00000,0x00000007b2e00000,0x00000007b2e00000)
  from space 101888K, 37% used [0x00000007b2e00000,0x00000007b5360070,0x00000007b9180000)
  to   space 95744K, 0% used [0x00000007b9c80000,0x00000007b9c80000,0x00000007bfa00000)
 ParOldGen       total 748032K, used 283297K [0x00000005c1600000, 0x00000005ef080000, 0x0000000715d00000)
  object space 748032K, 37% used [0x00000005c1600000,0x00000005d2aa85e8,0x00000005ef080000)
 Metaspace       used 90505K, capacity 100385K, committed 100684K, reserved 1132544K
  class space    used 13736K, capacity 16616K, committed 16716K, reserved 1048576K
Event: 23.553 GC heap after
Heap after GC invocations=42 (full 4):
 PSYoungGen      total 2677248K, used 40736K [0x0000000715d00000, 0x00000007bf100000, 0x00000007c0000000)
  eden space 2590720K, 0% used [0x0000000715d00000,0x0000000715d00000,0x00000007b3f00000)
  from space 86528K, 47% used [0x00000007b9c80000,0x00000007bc448070,0x00000007bf100000)
  to   space 91136K, 0% used [0x00000007b3f00000,0x00000007b3f00000,0x00000007b9800000)
 ParOldGen       total 748032K, used 283305K [0x00000005c1600000, 0x00000005ef080000, 0x0000000715d00000)
  object space 748032K, 37% used [0x00000005c1600000,0x00000005d2aaa5e8,0x00000005ef080000)
 Metaspace       used 90505K, capacity 100385K, committed 100684K, reserved 1132544K
  class space    used 13736K, capacity 16616K, committed 16716K, reserved 1048576K
}
Event: 24.291 GC heap before
{Heap before GC invocations=43 (full 4):
 PSYoungGen      total 2677248K, used 2631456K [0x0000000715d00000, 0x00000007bf100000, 0x00000007c0000000)
  eden space 2590720K, 100% used [0x0000000715d00000,0x00000007b3f00000,0x00000007b3f00000)
  from space 86528K, 47% used [0x00000007b9c80000,0x00000007bc448070,0x00000007bf100000)
  to   space 91136K, 0% used [0x00000007b3f00000,0x00000007b3f00000,0x00000007b9800000)
 ParOldGen       total 748032K, used 283306K [0x00000005c1600000, 0x00000005ef080000, 0x0000000715d00000)
  object space 748032K, 37% used [0x00000005c1600000,0x00000005d2aaab38,0x00000005ef080000)
 Metaspace       used 90570K, capacity 100449K, committed 100684K, reserved 1132544K
  class space    used 13745K, capacity 16630K, committed 16716K, reserved 1048576K
Event: 24.308 GC heap after
Heap after GC invocations=43 (full 4):
 PSYoungGen      total 2681856K, used 42336K [0x0000000715d00000, 0x00000007bfd80000, 0x00000007c0000000)
  eden space 2590720K, 0% used [0x0000000715d00000,0x0000000715d00000,0x00000007b3f00000)
  from space 91136K, 46% used [0x00000007b3f00000,0x00000007b6858070,0x00000007b9800000)
  to   space 87552K, 0% used [0x00000007ba800000,0x00000007ba800000,0x00000007bfd80000)
 ParOldGen       total 748032K, used 283314K [0x00000005c1600000, 0x00000005ef080000, 0x0000000715d00000)
  object space 748032K, 37% used [0x00000005c1600000,0x00000005d2aacb38,0x00000005ef080000)
 Metaspace       used 90570K, capacity 100449K, committed 100684K, reserved 1132544K
  class space    used 13745K, capacity 16630K, committed 16716K, reserved 1048576K
}
Event: 25.104 GC heap before
{Heap before GC invocations=44 (full 4):
 PSYoungGen      total 2681856K, used 2633056K [0x0000000715d00000, 0x00000007bfd80000, 0x00000007c0000000)
  eden space 2590720K, 100% used [0x0000000715d00000,0x00000007b3f00000,0x00000007b3f00000)
  from space 91136K, 46% used [0x00000007b3f00000,0x00000007b6858070,0x00000007b9800000)
  to   space 87552K, 0% used [0x00000007ba800000,0x00000007ba800000,0x00000007bfd80000)
 ParOldGen       total 748032K, used 283314K [0x00000005c1600000, 0x00000005ef080000, 0x0000000715d00000)
  object space 748032K, 37% used [0x00000005c1600000,0x00000005d2aacb38,0x00000005ef080000)
 Metaspace       used 91111K, capacity 101127K, committed 101324K, reserved 1134592K
  class space    used 13877K, capacity 16789K, committed 16844K, reserved 1048576K
Event: 25.127 GC heap after
Heap after GC invocations=44 (full 4):
 PSYoungGen      total 2690048K, used 43833K [0x0000000715d00000, 0x00000007bf680000, 0x00000007c0000000)
  eden space 2609664K, 0% used [0x0000000715d00000,0x0000000715d00000,0x00000007b5180000)
  from space 80384K, 54% used [0x00000007ba800000,0x00000007bd2ce6f8,0x00000007bf680000)
  to   space 84480K, 0% used [0x00000007b5180000,0x00000007b5180000,0x00000007ba400000)
 ParOldGen       total 748032K, used 283322K [0x00000005c1600000, 0x00000005ef080000, 0x0000000715d00000)
  object space 748032K, 37% used [0x00000005c1600000,0x00000005d2aaeb38,0x00000005ef080000)
 Metaspace       used 91111K, capacity 101127K, committed 101324K, reserved 1134592K
  class space    used 13877K, capacity 16789K, committed 16844K, reserved 1048576K
}
Event: 25.984 GC heap before
{Heap before GC invocations=45 (full 4):
 PSYoungGen      total 2690048K, used 2653497K [0x0000000715d00000, 0x00000007bf680000, 0x00000007c0000000)
  eden space 2609664K, 100% used [0x0000000715d00000,0x00000007b5180000,0x00000007b5180000)
  from space 80384K, 54% used [0x00000007ba800000,0x00000007bd2ce6f8,0x00000007bf680000)
  to   space 84480K, 0% used [0x00000007b5180000,0x00000007b5180000,0x00000007ba400000)
 ParOldGen       total 748032K, used 283323K [0x00000005c1600000, 0x00000005ef080000, 0x0000000715d00000)
  object space 748032K, 37% used [0x00000005c1600000,0x00000005d2aaefe8,0x00000005ef080000)
 Metaspace       used 92195K, capacity 102535K, committed 102860K, reserved 1134592K
  class space    used 14044K, capacity 16995K, committed 17100K, reserved 1048576K
Event: 26.003 GC heap after
Heap after GC invocations=45 (full 4):
 PSYoungGen      total 2694144K, used 47401K [0x0000000715d00000, 0x00000007c0000000, 0x00000007c0000000)
  eden space 2609664K, 0% used [0x0000000715d00000,0x0000000715d00000,0x00000007b5180000)
  from space 84480K, 56% used [0x00000007b5180000,0x00000007b7fca740,0x00000007ba400000)
  to   space 83456K, 0% used [0x00000007bae80000,0x00000007bae80000,0x00000007c0000000)
 ParOldGen       total 748032K, used 283331K [0x00000005c1600000, 0x00000005ef080000, 0x0000000715d00000)
  object space 748032K, 37% used [0x00000005c1600000,0x00000005d2ab0fe8,0x00000005ef080000)
 Metaspace       used 92195K, capacity 102535K, committed 102860K, reserved 1134592K
  class space    used 14044K, capacity 16995K, committed 17100K, reserved 1048576K
}

